{"logTime": "1214/172848", "correlationVector":"oj9dkptkiKP9AhYAZS3sSY.1","action":"SyncServerConnectionManagerRequest", "result":"SYNC_SERVER_OK", "context":{"environment":"Prod_eastasia_prod-s01-034-apac-eastasia", "migrationStage":"NotStarted", "server":"akswtt00300000a"}}
{"logTime": "1214/172849", "correlationVector":"cstYvDwFAOehYXNoKwjSSZ","action":"SyncServerConnectionManagerRequest", "result":"SYNC_SERVER_OK", "context":{"environment":"", "migrationStage":"", "server":""}}
{"logTime": "1214/172849", "correlationVector":"oj9dkptkiKP9AhYAZS3sSY","action":"Initial GetUpdates", "result":"", "context":Reason: NEW_CLIENT. cV=oj9dkptkiKP9AhYAZS3sSY}
{"logTime": "1214/172849", "correlationVector":"oj9dkptkiKP9AhYAZS3sSY.2","action":"GetUpdates Response", "result":"Success", "context":Received 1 update(s). cV=oj9dkptkiKP9AhYAZS3sSY.0;server=akswtt00300000a;cloudType=Consumer;environment=Prod_eastasia_prod-s01-034-apac-eastasia;migrationStage=NotStarted}
{"logTime": "1214/172849", "correlationVector":"BVJnrxFV4TqjUc7yaemX4V","action":"Initial GetUpdates", "result":"", "context":Reason: NEWLY_SUPPORTED_DATATYPE. cV=BVJnrxFV4TqjUc7yaemX4V}
{"logTime": "1214/172851", "correlationVector":"BVJnrxFV4TqjUc7yaemX4V.1","action":"SyncServerConnectionManagerRequest", "result":"SYNC_SERVER_OK", "context":{"environment":"Prod_eastasia_prod-s01-034-apac-eastasia", "migrationStage":"NotStarted", "server":"akswtt00300001g"}}
{"logTime": "1214/172851", "correlationVector":"BVJnrxFV4TqjUc7yaemX4V.2","action":"GetUpdates", "result":"DeleteReceived", "context":{"id":"13e771a5-f33f-422f-9276-e6f61d4aca0b", "isDeleted:":"true", "version":"1704332858254"}}
{"logTime": "1214/172851", "correlationVector":"BVJnrxFV4TqjUc7yaemX4V.3","action":"GetUpdates", "result":"DeleteReceived", "context":{"id":"24960248-7cab-4977-8770-3c9450d6ff1b", "isDeleted:":"true", "version":"1704332860070"}}
{"logTime": "1214/172851", "correlationVector":"BVJnrxFV4TqjUc7yaemX4V.4","action":"GetUpdates", "result":"DeleteReceived", "context":{"id":"568f2ac1-aec4-424d-a529-b318fd368ce8", "isDeleted:":"true", "version":"1704332861341"}}
{"logTime": "1214/172851", "correlationVector":"BVJnrxFV4TqjUc7yaemX4V.5","action":"GetUpdates", "result":"DeleteReceived", "context":{"id":"1aef6f21-abf4-4c65-9daf-15b8fa34261c", "isDeleted:":"true", "version":"1704332862398"}}
{"logTime": "1214/172851", "correlationVector":"BVJnrxFV4TqjUc7yaemX4V.6","action":"GetUpdates", "result":"DeleteReceived", "context":{"id":"12c8c85c-9bb4-4afc-a018-232ff90f0bc5", "isDeleted:":"true", "version":"1704332863435"}}
{"logTime": "1214/172851", "correlationVector":"BVJnrxFV4TqjUc7yaemX4V.7","action":"GetUpdates Response", "result":"Success", "context":Received 147 update(s). cV=BVJnrxFV4TqjUc7yaemX4V.0;server=akswtt00300001g;cloudType=Consumer;environment=Prod_eastasia_prod-s01-034-apac-eastasia;migrationStage=NotStarted}
{"logTime": "1214/172851", "correlationVector":"ks0WJ5tTwBSP2ug7zxixAO","action":"Initial GetUpdates", "result":"", "context":Reason: NEWLY_SUPPORTED_DATATYPE. cV=ks0WJ5tTwBSP2ug7zxixAO}
{"logTime": "1214/172851", "correlationVector":"ks0WJ5tTwBSP2ug7zxixAO.1","action":"SyncServerConnectionManagerRequest", "result":"SYNC_SERVER_OK", "context":{"environment":"Prod_eastasia_prod-s01-034-apac-eastasia", "migrationStage":"NotStarted", "server":"akswtt00300002u"}}
{"logTime": "1214/172851", "correlationVector":"ks0WJ5tTwBSP2ug7zxixAO.2","action":"GetUpdates", "result":"DeleteReceived", "context":{"id":"41715719-7657-447a-9cbe-4cecef67ab14", "isDeleted:":"true", "version":"1703261393666"}}
{"logTime": "1214/172851", "correlationVector":"ks0WJ5tTwBSP2ug7zxixAO.3","action":"GetUpdates", "result":"DeleteReceived", "context":{"id":"84823e2c-1513-48a4-addb-76c131c39cf5", "isDeleted:":"true", "version":"1704562313164"}}
{"logTime": "1214/172851", "correlationVector":"ks0WJ5tTwBSP2ug7zxixAO.4","action":"GetUpdates", "result":"DeleteReceived", "context":{"id":"797d4e78-7eec-42fe-935a-c0c2c1db5935", "isDeleted:":"true", "version":"1709026223268"}}
{"logTime": "1214/172851", "correlationVector":"ks0WJ5tTwBSP2ug7zxixAO.5","action":"GetUpdates", "result":"DeleteReceived", "context":{"id":"9d9e529e-ac3e-4ac6-a288-2bf724ea37b9", "isDeleted:":"true", "version":"1709714241097"}}
{"logTime": "1214/172851", "correlationVector":"ks0WJ5tTwBSP2ug7zxixAO.6","action":"GetUpdates", "result":"DeleteReceived", "context":{"id":"512a83de-623a-4264-b2e7-566eb1c725e1", "isDeleted:":"true", "version":"1710053326022"}}
{"logTime": "1214/172851", "correlationVector":"ks0WJ5tTwBSP2ug7zxixAO.7","action":"GetUpdates", "result":"DeleteReceived", "context":{"id":"d958b994-97cb-4607-a31f-2333392bb053", "isDeleted:":"true", "version":"1710407244375"}}
{"logTime": "1214/172851", "correlationVector":"ks0WJ5tTwBSP2ug7zxixAO.8","action":"GetUpdates", "result":"DeleteReceived", "context":{"id":"63b55acc-439c-402e-9dbc-61f7385831f8", "isDeleted:":"true", "version":"1711432555789"}}
{"logTime": "1214/172851", "correlationVector":"ks0WJ5tTwBSP2ug7zxixAO.9","action":"GetUpdates", "result":"DeleteReceived", "context":{"id":"7830ef7c-bb85-4f18-8b64-cd9cfdcb2633", "isDeleted:":"true", "version":"1715875721464"}}
{"logTime": "1214/172851", "correlationVector":"ks0WJ5tTwBSP2ug7zxixAO.10","action":"GetUpdates", "result":"DeleteReceived", "context":{"id":"8a984a52-6b6f-4535-8ffb-333ef5692af6", "isDeleted:":"true", "version":"1715875721465"}}
{"logTime": "1214/172851", "correlationVector":"ks0WJ5tTwBSP2ug7zxixAO.11","action":"GetUpdates", "result":"DeleteReceived", "context":{"id":"f376241f-b867-4940-b13f-2b88ca21d5d2", "isDeleted:":"true", "version":"1717911566133"}}
{"logTime": "1214/172851", "correlationVector":"ks0WJ5tTwBSP2ug7zxixAO.12","action":"GetUpdates", "result":"DeleteReceived", "context":{"id":"503d4b95-2522-46b8-8165-02ca8a279fee", "isDeleted:":"true", "version":"1720106712187"}}
{"logTime": "1214/172851", "correlationVector":"ks0WJ5tTwBSP2ug7zxixAO.13","action":"GetUpdates", "result":"DeleteReceived", "context":{"id":"94af1488-c032-42b0-a0de-a068de7809b5", "isDeleted:":"true", "version":"1724512008429"}}
{"logTime": "1214/172851", "correlationVector":"ks0WJ5tTwBSP2ug7zxixAO.14","action":"GetUpdates", "result":"DeleteReceived", "context":{"id":"7fc6518a-0536-48dc-96d0-0edc943e4b50", "isDeleted:":"true", "version":"1725208584920"}}
{"logTime": "1214/172851", "correlationVector":"ks0WJ5tTwBSP2ug7zxixAO.15","action":"GetUpdates", "result":"DeleteReceived", "context":{"id":"b5a0d13d-9f8a-4af4-8d76-94985d7d016e", "isDeleted:":"true", "version":"1725208584921"}}
{"logTime": "1214/172851", "correlationVector":"ks0WJ5tTwBSP2ug7zxixAO.16","action":"GetUpdates", "result":"DeleteReceived", "context":{"id":"eb523ef5-c175-4931-a2b4-2e8c9d76e8a5", "isDeleted:":"true", "version":"1725208589191"}}
{"logTime": "1214/172851", "correlationVector":"ks0WJ5tTwBSP2ug7zxixAO.17","action":"GetUpdates", "result":"DeleteReceived", "context":{"id":"dbde4d8d-bdeb-4ef0-bd3d-a6e761c7ed49", "isDeleted:":"true", "version":"1725208589192"}}
{"logTime": "1214/172851", "correlationVector":"ks0WJ5tTwBSP2ug7zxixAO.18","action":"GetUpdates", "result":"DeleteReceived", "context":{"id":"bb186dfc-5aac-4959-8e23-b779976a76a8", "isDeleted:":"true", "version":"1725208592968"}}
{"logTime": "1214/172851", "correlationVector":"ks0WJ5tTwBSP2ug7zxixAO.19","action":"GetUpdates", "result":"DeleteReceived", "context":{"id":"c56610fa-fde5-4525-a0b9-9b38169009cf", "isDeleted:":"true", "version":"1725208592969"}}
{"logTime": "1214/172851", "correlationVector":"ks0WJ5tTwBSP2ug7zxixAO.20","action":"GetUpdates", "result":"DeleteReceived", "context":{"id":"0ba794db-43b7-4599-a0dd-33de9c3776f7", "isDeleted:":"true", "version":"1728276852054"}}
{"logTime": "1214/172851", "correlationVector":"ks0WJ5tTwBSP2ug7zxixAO.21","action":"GetUpdates", "result":"DeleteReceived", "context":{"id":"0ffbcaf5-0bf7-4147-af2d-68237cec9564", "isDeleted:":"true", "version":"1729690382335"}}
{"logTime": "1214/172851", "correlationVector":"ks0WJ5tTwBSP2ug7zxixAO.22","action":"GetUpdates", "result":"DeleteReceived", "context":{"id":"2825ac1c-aee6-4338-9ed4-7a136de498d9", "isDeleted:":"true", "version":"1729690382336"}}
{"logTime": "1214/172851", "correlationVector":"ks0WJ5tTwBSP2ug7zxixAO.23","action":"GetUpdates", "result":"DeleteReceived", "context":{"id":"7cae91e7-b4b8-426d-b685-23570dfd8561", "isDeleted:":"true", "version":"1729690382337"}}
{"logTime": "1214/172851", "correlationVector":"ks0WJ5tTwBSP2ug7zxixAO.24","action":"GetUpdates", "result":"DeleteReceived", "context":{"id":"c4ecb2f0-69ee-4fd1-acde-7d09623af6eb", "isDeleted:":"true", "version":"1729690394978"}}
{"logTime": "1214/172851", "correlationVector":"ks0WJ5tTwBSP2ug7zxixAO.25","action":"GetUpdates", "result":"DeleteReceived", "context":{"id":"66594ece-92a7-4751-9904-2f4a8ad8a17f", "isDeleted:":"true", "version":"1729690398768"}}
{"logTime": "1214/172851", "correlationVector":"ks0WJ5tTwBSP2ug7zxixAO.26","action":"GetUpdates", "result":"DeleteReceived", "context":{"id":"afcfd210-50d3-4f06-9ddb-ecc674098f2a", "isDeleted:":"true", "version":"1729690398769"}}
{"logTime": "1214/172851", "correlationVector":"ks0WJ5tTwBSP2ug7zxixAO.27","action":"GetUpdates", "result":"DeleteReceived", "context":{"id":"2c4a8071-6a4a-478f-9be8-fb64d9af5744", "isDeleted:":"true", "version":"1730021309215"}}
{"logTime": "1214/172851", "correlationVector":"ks0WJ5tTwBSP2ug7zxixAO.28","action":"GetUpdates", "result":"DeleteReceived", "context":{"id":"d73a50b1-796d-4354-86b3-194ca0476218", "isDeleted:":"true", "version":"1730021309216"}}
{"logTime": "1214/172851", "correlationVector":"ks0WJ5tTwBSP2ug7zxixAO.29","action":"GetUpdates", "result":"DeleteReceived", "context":{"id":"8bc445f9-e32e-41a7-9f64-8f988a359bdc", "isDeleted:":"true", "version":"1730021313139"}}
{"logTime": "1214/172851", "correlationVector":"ks0WJ5tTwBSP2ug7zxixAO.30","action":"GetUpdates", "result":"DeleteReceived", "context":{"id":"14db27e3-bf08-421e-ac0c-1aad137d7725", "isDeleted:":"true", "version":"1730021313140"}}
{"logTime": "1214/172851", "correlationVector":"ks0WJ5tTwBSP2ug7zxixAO.31","action":"GetUpdates", "result":"DeleteReceived", "context":{"id":"6ab0eaa7-426c-4bc9-84f5-0eb3bbee3a99", "isDeleted:":"true", "version":"1730021313141"}}
{"logTime": "1214/172851", "correlationVector":"ks0WJ5tTwBSP2ug7zxixAO.32","action":"GetUpdates", "result":"DeleteReceived", "context":{"id":"79a61317-64f7-4ea1-8ad2-3985b116e6a2", "isDeleted:":"true", "version":"1730021316860"}}
{"logTime": "1214/172851", "correlationVector":"ks0WJ5tTwBSP2ug7zxixAO.33","action":"GetUpdates", "result":"DeleteReceived", "context":{"id":"9e0002da-245d-4c18-b224-83f6de40f327", "isDeleted:":"true", "version":"1730021316861"}}
{"logTime": "1214/172851", "correlationVector":"ks0WJ5tTwBSP2ug7zxixAO.34","action":"GetUpdates", "result":"DeleteReceived", "context":{"id":"8991ae97-ffab-4d1d-ad5d-de6674861ead", "isDeleted:":"true", "version":"1730021316862"}}
{"logTime": "1214/172851", "correlationVector":"ks0WJ5tTwBSP2ug7zxixAO.35","action":"GetUpdates", "result":"DeleteReceived", "context":{"id":"5d67c8ec-7051-48ca-b6ea-61058bc8d228", "isDeleted:":"true", "version":"1730021320570"}}
{"logTime": "1214/172851", "correlationVector":"ks0WJ5tTwBSP2ug7zxixAO.36","action":"GetUpdates", "result":"DeleteReceived", "context":{"id":"5840201f-6edd-4b93-9b0e-8614dc557a0a", "isDeleted:":"true", "version":"1730021320571"}}
{"logTime": "1214/172851", "correlationVector":"ks0WJ5tTwBSP2ug7zxixAO.37","action":"GetUpdates", "result":"DeleteReceived", "context":{"id":"a3ddc2b7-7654-471c-8d92-98fd9fd18a7c", "isDeleted:":"true", "version":"1730021320572"}}
{"logTime": "1214/172851", "correlationVector":"ks0WJ5tTwBSP2ug7zxixAO.38","action":"GetUpdates", "result":"DeleteReceived", "context":{"id":"83920e8a-1789-44ca-81ae-f6f084b068e8", "isDeleted:":"true", "version":"1730021324459"}}
{"logTime": "1214/172851", "correlationVector":"ks0WJ5tTwBSP2ug7zxixAO.39","action":"GetUpdates", "result":"DeleteReceived", "context":{"id":"d17a686c-21ce-43fd-a1ef-70edb43da13b", "isDeleted:":"true", "version":"1730183939555"}}
{"logTime": "1214/172851", "correlationVector":"ks0WJ5tTwBSP2ug7zxixAO.40","action":"GetUpdates", "result":"DeleteReceived", "context":{"id":"1573c322-d2a6-4922-8741-80c2dbb6d7ed", "isDeleted:":"true", "version":"1733069364524"}}
{"logTime": "1214/172851", "correlationVector":"ks0WJ5tTwBSP2ug7zxixAO.41","action":"GetUpdates Response", "result":"Success", "context":Received 74 update(s). cV=ks0WJ5tTwBSP2ug7zxixAO.0;server=akswtt00300002u;cloudType=Consumer;environment=Prod_eastasia_prod-s01-034-apac-eastasia;migrationStage=NotStarted}
{"logTime": "1214/172851", "correlationVector":"HCLIA/DDO7eHvqJ5wIkZql","action":"Initial GetUpdates", "result":"", "context":Reason: NEWLY_SUPPORTED_DATATYPE. cV=HCLIA/DDO7eHvqJ5wIkZql}
{"logTime": "1214/172853", "correlationVector":"HCLIA/DDO7eHvqJ5wIkZql.1","action":"SyncServerConnectionManagerRequest", "result":"SYNC_SERVER_OK", "context":{"environment":"Prod_eastasia_prod-s01-034-apac-eastasia", "migrationStage":"NotStarted", "server":"akswtt00300000p"}}
{"logTime": "1214/172853", "correlationVector":"HCLIA/DDO7eHvqJ5wIkZql.2","action":"GetUpdates Response", "result":"Success", "context":Received 250 update(s). cV=HCLIA/DDO7eHvqJ5wIkZql.0;server=akswtt00300000p;cloudType=Consumer;environment=Prod_eastasia_prod-s01-034-apac-eastasia;migrationStage=NotStarted Some updates remain.}
{"logTime": "1214/172853", "correlationVector":"XE9h8ARoLNZeSfxn91omrD","action":"Initial GetUpdates", "result":"", "context":Reason: NEWLY_SUPPORTED_DATATYPE. cV=XE9h8ARoLNZeSfxn91omrD}
{"logTime": "1214/172854", "correlationVector":"XE9h8ARoLNZeSfxn91omrD.1","action":"SyncServerConnectionManagerRequest", "result":"SYNC_SERVER_OK", "context":{"environment":"Prod_eastasia_prod-s01-034-apac-eastasia", "migrationStage":"NotStarted", "server":"akswtt003000000"}}
{"logTime": "1214/172854", "correlationVector":"XE9h8ARoLNZeSfxn91omrD.2","action":"GetUpdates Response", "result":"Success", "context":Received 250 update(s). cV=XE9h8ARoLNZeSfxn91omrD.0;server=akswtt003000000;cloudType=Consumer;environment=Prod_eastasia_prod-s01-034-apac-eastasia;migrationStage=NotStarted Some updates remain.}
{"logTime": "1214/172854", "correlationVector":"bkvYYlDn87hB7eH2+ZuqMh","action":"Initial GetUpdates", "result":"", "context":Reason: NEWLY_SUPPORTED_DATATYPE. cV=bkvYYlDn87hB7eH2+ZuqMh}
{"logTime": "1214/172856", "correlationVector":"bkvYYlDn87hB7eH2+ZuqMh.1","action":"SyncServerConnectionManagerRequest", "result":"SYNC_SERVER_OK", "context":{"environment":"Prod_eastasia_prod-s01-034-apac-eastasia", "migrationStage":"NotStarted", "server":"akswtt00300001g"}}
{"logTime": "1214/172856", "correlationVector":"bkvYYlDn87hB7eH2+ZuqMh.2","action":"GetUpdates Response", "result":"Success", "context":Received 250 update(s). cV=bkvYYlDn87hB7eH2+ZuqMh.0;server=akswtt00300001g;cloudType=Consumer;environment=Prod_eastasia_prod-s01-034-apac-eastasia;migrationStage=NotStarted Some updates remain.}
{"logTime": "1214/172856", "correlationVector":"ynyUiS55buGyNPq7DfqOFS","action":"Initial GetUpdates", "result":"", "context":Reason: NEWLY_SUPPORTED_DATATYPE. cV=ynyUiS55buGyNPq7DfqOFS}
{"logTime": "1214/172857", "correlationVector":"ynyUiS55buGyNPq7DfqOFS.1","action":"SyncServerConnectionManagerRequest", "result":"SYNC_SERVER_OK", "context":{"environment":"Prod_eastasia_prod-s01-034-apac-eastasia", "migrationStage":"NotStarted", "server":"akswtt00300000x"}}
{"logTime": "1214/172857", "correlationVector":"ynyUiS55buGyNPq7DfqOFS.2","action":"GetUpdates Response", "result":"Success", "context":Received 250 update(s). cV=ynyUiS55buGyNPq7DfqOFS.0;server=akswtt00300000x;cloudType=Consumer;environment=Prod_eastasia_prod-s01-034-apac-eastasia;migrationStage=NotStarted Some updates remain.}
{"logTime": "1214/172857", "correlationVector":"gCJUDvPGE9lKUX5rTuBhtg","action":"Initial GetUpdates", "result":"", "context":Reason: NEWLY_SUPPORTED_DATATYPE. cV=gCJUDvPGE9lKUX5rTuBhtg}
{"logTime": "1214/172858", "correlationVector":"gCJUDvPGE9lKUX5rTuBhtg.1","action":"SyncServerConnectionManagerRequest", "result":"SYNC_SERVER_OK", "context":{"environment":"Prod_eastasia_prod-s01-034-apac-eastasia", "migrationStage":"NotStarted", "server":"akswtt00300000p"}}
{"logTime": "1214/172858", "correlationVector":"gCJUDvPGE9lKUX5rTuBhtg.2","action":"GetUpdates Response", "result":"Success", "context":Received 250 update(s). cV=gCJUDvPGE9lKUX5rTuBhtg.0;server=akswtt00300000p;cloudType=Consumer;environment=Prod_eastasia_prod-s01-034-apac-eastasia;migrationStage=NotStarted Some updates remain.}
{"logTime": "1214/172858", "correlationVector":"64SJx/HjnjkjJP+lewmcCi","action":"Initial GetUpdates", "result":"", "context":Reason: NEWLY_SUPPORTED_DATATYPE. cV=64SJx/HjnjkjJP+lewmcCi}
{"logTime": "1214/172900", "correlationVector":"64SJx/HjnjkjJP+lewmcCi.1","action":"SyncServerConnectionManagerRequest", "result":"SYNC_SERVER_OK", "context":{"environment":"Prod_eastasia_prod-s01-034-apac-eastasia", "migrationStage":"NotStarted", "server":"akswtt00300001g"}}
{"logTime": "1214/172900", "correlationVector":"64SJx/HjnjkjJP+lewmcCi.2","action":"GetUpdates Response", "result":"Success", "context":Received 250 update(s). cV=64SJx/HjnjkjJP+lewmcCi.0;server=akswtt00300001g;cloudType=Consumer;environment=Prod_eastasia_prod-s01-034-apac-eastasia;migrationStage=NotStarted Some updates remain.}
{"logTime": "1214/172900", "correlationVector":"dQcx/FJmQxlfiLnGX2hrAo","action":"Initial GetUpdates", "result":"", "context":Reason: NEWLY_SUPPORTED_DATATYPE. cV=dQcx/FJmQxlfiLnGX2hrAo}
{"logTime": "1214/172901", "correlationVector":"dQcx/FJmQxlfiLnGX2hrAo.1","action":"SyncServerConnectionManagerRequest", "result":"SYNC_SERVER_OK", "context":{"environment":"Prod_eastasia_prod-s01-034-apac-eastasia", "migrationStage":"NotStarted", "server":"akswtt003000018"}}
{"logTime": "1214/172901", "correlationVector":"dQcx/FJmQxlfiLnGX2hrAo.2","action":"GetUpdates Response", "result":"Success", "context":Received 250 update(s). cV=dQcx/FJmQxlfiLnGX2hrAo.0;server=akswtt003000018;cloudType=Consumer;environment=Prod_eastasia_prod-s01-034-apac-eastasia;migrationStage=NotStarted Some updates remain.}
{"logTime": "1214/172901", "correlationVector":"WkKRv29+DgT864TeDpcICV","action":"Initial GetUpdates", "result":"", "context":Reason: NEWLY_SUPPORTED_DATATYPE. cV=WkKRv29+DgT864TeDpcICV}
