2024-12-14 17:28:45.713: [INFO][Sync] Reset engine, reason: 8
2024-12-14 17:28:45.713: [INFO][Sync] Stopped: Bookmarks
2024-12-14 17:28:45.713: [INFO][Sync] Stopped: Preferences
2024-12-14 17:28:45.713: [INFO][Sync] Stopped: Passwords
2024-12-14 17:28:45.713: [INFO][Sync] Stopped: Autofill Profiles
2024-12-14 17:28:45.713: [INFO][Sync] Stopped: Autofill
2024-12-14 17:28:45.713: [INFO][Sync] Stopped: Typed URLs
2024-12-14 17:28:45.713: [INFO][Sync] Stopped: Extensions
2024-12-14 17:28:45.713: [INFO][Sync] Stopped: Sessions
2024-12-14 17:28:45.713: [INFO][Sync] Stopped: Extension settings
2024-12-14 17:28:45.713: [INFO][Sync] Stopped: History Delete Directives
2024-12-14 17:28:45.713: [INFO][Sync] Stopped: Device Info
2024-12-14 17:28:45.713: [INFO][Sync] Stopped: User Consents
2024-12-14 17:28:45.713: [INFO][Sync] Stopped: Send Tab To Self
2024-12-14 17:28:45.713: [INFO][Sync] Stopped: Web Apps
2024-12-14 17:28:45.713: [INFO][Sync] Stopped: History
2024-12-14 17:28:45.713: [INFO][Sync] Stopped: Collection
2024-12-14 17:28:45.713: [INFO][Sync] Stopped: Edge E Drop
2024-12-14 17:28:45.713: [INFO][Sync] Stopped: Edge Hub App Usage
2024-12-14 17:28:45.713: [INFO][Sync] Stopped: Edge Tab Group
2024-12-14 17:28:45.713: [INFO][Sync] Stopped: Edge Wallet
2024-12-14 17:28:45.713: [INFO][Sync] SyncState after authenticated was: NotSignedIn
2024-12-14 17:28:46.052: [INFO][Sync] Reset engine, reason: 8
2024-12-14 17:28:46.052: [INFO][Sync] Stopped: Bookmarks
2024-12-14 17:28:46.052: [INFO][Sync] Stopped: Preferences
2024-12-14 17:28:46.052: [INFO][Sync] Stopped: Passwords
2024-12-14 17:28:46.052: [INFO][Sync] Stopped: Autofill Profiles
2024-12-14 17:28:46.052: [INFO][Sync] Stopped: Autofill
2024-12-14 17:28:46.052: [INFO][Sync] Stopped: Typed URLs
2024-12-14 17:28:46.052: [INFO][Sync] Stopped: Extensions
2024-12-14 17:28:46.052: [INFO][Sync] Stopped: Sessions
2024-12-14 17:28:46.052: [INFO][Sync] Stopped: Extension settings
2024-12-14 17:28:46.052: [INFO][Sync] Stopped: History Delete Directives
2024-12-14 17:28:46.052: [INFO][Sync] Stopped: Device Info
2024-12-14 17:28:46.052: [INFO][Sync] Stopped: User Consents
2024-12-14 17:28:46.052: [INFO][Sync] Stopped: Send Tab To Self
2024-12-14 17:28:46.052: [INFO][Sync] Stopped: Web Apps
2024-12-14 17:28:46.052: [INFO][Sync] Stopped: History
2024-12-14 17:28:46.052: [INFO][Sync] Stopped: Collection
2024-12-14 17:28:46.052: [INFO][Sync] Stopped: Edge E Drop
2024-12-14 17:28:46.052: [INFO][Sync] Stopped: Edge Hub App Usage
2024-12-14 17:28:46.052: [INFO][Sync] Stopped: Edge Tab Group
2024-12-14 17:28:46.052: [INFO][Sync] Stopped: Edge Wallet
2024-12-14 17:28:46.243: [INFO][Sync] Try to start sync engine
2024-12-14 17:28:46.244: [INFO][SyncManagerImpl::NudgeForInitialDownload] Initial download nudge for Encryption Keys
2024-12-14 17:28:46.244: [INFO][SyncEngineBackend::LoadAndConnectNigoriController] Load and connect Nigori controller
2024-12-14 17:28:46.244: [INFO][SyncEngineBackend::DoInitialize] Control Types added: Encryption Keys
2024-12-14 17:28:46.244: [INFO][SyncManagerImpl::ConfigureSyncer] Types to download: Encryption Keys with reason: 3
2024-12-14 17:28:46.244: [INFO][SyncSchedulerImpl::DoConfigurationSyncCycleJob] Configure job was blocked
2024-12-14 17:28:46.532: [INFO][SyncAuthManager::SetLastAuthError] Current auth error: None
2024-12-14 17:28:46.532: [INFO][SyncAuthManager::EdgeLogTokenErrorState] Token error with: None for account type: MSA
2024-12-14 17:28:46.532: [INFO][Sync] Credentials changed for: EdgeSyncScopeNew
2024-12-14 17:28:47.544: [INFO][SyncAuthManager::SetLastAuthError] Current auth error: None
2024-12-14 17:28:47.544: [INFO][SyncAuthManager::EdgeLogTokenErrorState] Token error with: None for account type: MSA
2024-12-14 17:28:47.544: [INFO][Sync] Credentials changed for: EdgeSyncKeyDataScope
2024-12-14 17:28:47.545: [INFO][SyncEngineBackend::DoUpdateKeyDataCredentials] Update key data credentials
2024-12-14 17:28:47.545: [INFO][SyncEngineBackend::DoUpdateCredentials] Update credentials
2024-12-14 17:28:47.545: [INFO][SyncSchedulerImpl::DoConfigurationSyncCycleJob] Blocked types:  and types to download: Encryption Keys
2024-12-14 17:28:48.548: [INFO][Sync] Started DataTypeManager configuration, reason: 4
2024-12-14 17:28:48.548: [INFO][Sync] Configuring for: Bookmarks, Preferences, Passwords, Autofill Profiles, Autofill, Typed URLs, Extensions, Sessions, Extension settings, History Delete Directives, Device Info, User Consents, Send Tab To Self, Web Apps, Collection, Edge E Drop, Edge Hub App Usage, Edge Tab Group, Edge Wallet, Encryption Keys, reason: 3, current state: 0
2024-12-14 17:28:48.549: [INFO][Sync] Configure, desired: Bookmarks, Preferences, Typed URLs, Extensions, Sessions, Extension settings, History Delete Directives, Device Info, User Consents, Send Tab To Self, Web Apps, Collection, Edge E Drop, Edge Hub App Usage, Edge Tab Group, Edge Wallet, Encryption Keys; Allow fail: Passwords, Autofill Profiles, Autofill
2024-12-14 17:28:48.549: [INFO][Sync] Loading: Bookmarks
2024-12-14 17:28:48.549: [INFO][Sync] Loading: Preferences
2024-12-14 17:28:48.549: [INFO][Sync] Loading: Typed URLs
2024-12-14 17:28:48.549: [INFO][Sync] Loading: Extensions
2024-12-14 17:28:48.549: [INFO][Sync] Loading: Sessions
2024-12-14 17:28:48.549: [INFO][Sync] Loading: Extension settings
2024-12-14 17:28:48.549: [INFO][Sync] Loading: History Delete Directives
2024-12-14 17:28:48.549: [INFO][Sync] Loading: Device Info
2024-12-14 17:28:48.549: [INFO][Sync] Loading: User Consents
2024-12-14 17:28:48.549: [INFO][Sync] Loading: Send Tab To Self
2024-12-14 17:28:48.549: [INFO][Sync] Loading: Web Apps
2024-12-14 17:28:48.549: [INFO][Sync] Loading: Collection
2024-12-14 17:28:48.549: [INFO][Sync] Loading: Edge E Drop
2024-12-14 17:28:48.549: [INFO][Sync] Loading: Edge Hub App Usage
2024-12-14 17:28:48.549: [INFO][Sync] Loading: Edge Tab Group
2024-12-14 17:28:48.549: [INFO][Sync] Loading: Edge Wallet
2024-12-14 17:28:48.554: [INFO][Sync] All data types are ready for configure.
2024-12-14 17:28:49.160: [INFO][Sync] Started DataTypeManager configuration, reason: 5
2024-12-14 17:28:49.160: [INFO][Sync] Configuring for: Bookmarks, Preferences, Passwords, Autofill Profiles, Autofill, Typed URLs, Extensions, Sessions, Extension settings, History Delete Directives, Device Info, User Consents, Send Tab To Self, Web Apps, Collection, Edge E Drop, Edge Hub App Usage, Edge Tab Group, Edge Wallet, Encryption Keys, reason: 5, current state: 1
2024-12-14 17:28:49.161: [INFO][SyncEngineBackend::DoStartConfiguration] Start configuration
2024-12-14 17:28:49.161: [INFO][SyncManagerImpl::NudgeForInitialDownload] Initial download nudge for Bookmarks
2024-12-14 17:28:49.161: [INFO][SyncManagerImpl::NudgeForInitialDownload] Initial download nudge for Preferences
2024-12-14 17:28:49.161: [INFO][SyncManagerImpl::NudgeForInitialDownload] Initial download nudge for Typed URLs
2024-12-14 17:28:49.161: [INFO][SyncManagerImpl::NudgeForInitialDownload] Initial download nudge for Extensions
2024-12-14 17:28:49.161: [INFO][SyncManagerImpl::NudgeForInitialDownload] Initial download nudge for Sessions
2024-12-14 17:28:49.161: [INFO][SyncManagerImpl::NudgeForInitialDownload] Initial download nudge for Extension settings
2024-12-14 17:28:49.161: [INFO][SyncManagerImpl::NudgeForInitialDownload] Initial download nudge for History Delete Directives
2024-12-14 17:28:49.161: [INFO][SyncManagerImpl::NudgeForInitialDownload] Initial download nudge for Device Info
2024-12-14 17:28:49.161: [INFO][SyncManagerImpl::NudgeForInitialDownload] Initial download nudge for Send Tab To Self
2024-12-14 17:28:49.161: [INFO][SyncManagerImpl::NudgeForInitialDownload] Initial download nudge for Web Apps
2024-12-14 17:28:49.161: [INFO][SyncManagerImpl::NudgeForInitialDownload] Initial download nudge for Collection
2024-12-14 17:28:49.161: [INFO][SyncManagerImpl::NudgeForInitialDownload] Initial download nudge for Edge E Drop
2024-12-14 17:28:49.161: [INFO][SyncManagerImpl::NudgeForInitialDownload] Initial download nudge for Edge Hub App Usage
2024-12-14 17:28:49.161: [INFO][SyncManagerImpl::NudgeForInitialDownload] Initial download nudge for Edge Tab Group
2024-12-14 17:28:49.161: [INFO][SyncManagerImpl::NudgeForInitialDownload] Initial download nudge for Edge Wallet
2024-12-14 17:28:49.161: [INFO][SyncManagerImpl::ConfigureSyncer] Types to download:  with reason: 3
2024-12-14 17:28:49.161: [INFO][SyncEngineBackend::DoFinishConfigureDataTypes] Failed to download types:  and succeeded types: 
2024-12-14 17:28:49.162: [INFO][Sync] ConfigurationDone, failed: , succeeded: , remaining count: 3
2024-12-14 17:28:49.162: [WARN][Sync]     Reconfigure requested while configuration ongoing.
2024-12-14 17:28:49.162: [INFO][Sync] Configuring for: Bookmarks, Preferences, Passwords, Autofill Profiles, Autofill, Typed URLs, Extensions, Sessions, Extension settings, History Delete Directives, Device Info, User Consents, Send Tab To Self, Web Apps, Collection, Edge E Drop, Edge Hub App Usage, Edge Tab Group, Edge Wallet, Encryption Keys, reason: 5, current state: 2
2024-12-14 17:28:49.162: [INFO][Sync] Configure, desired: Bookmarks, Preferences, Passwords, Autofill Profiles, Autofill, Typed URLs, Extensions, Sessions, Extension settings, History Delete Directives, Device Info, User Consents, Send Tab To Self, Web Apps, Collection, Edge E Drop, Edge Hub App Usage, Edge Tab Group, Edge Wallet, Encryption Keys; Allow fail: 
2024-12-14 17:28:49.162: [INFO][Sync] Loading: Passwords
2024-12-14 17:28:49.162: [INFO][Sync] Loading: Autofill Profiles
2024-12-14 17:28:49.162: [INFO][Sync] Loading: Autofill
2024-12-14 17:28:49.162: [INFO][Sync] All data types are ready for configure.
2024-12-14 17:28:49.162: [INFO][SyncManagerImpl::NudgeForInitialDownload] Initial download nudge for Passwords
2024-12-14 17:28:49.162: [INFO][SyncManagerImpl::NudgeForInitialDownload] Initial download nudge for Autofill Profiles
2024-12-14 17:28:49.163: [INFO][SyncManagerImpl::NudgeForInitialDownload] Initial download nudge for Autofill
2024-12-14 17:28:49.163: [INFO][SyncManagerImpl::ConfigureSyncer] Types to download:  with reason: 5
2024-12-14 17:28:49.163: [INFO][SyncEngineBackend::DoFinishConfigureDataTypes] Failed to download types:  and succeeded types: 
2024-12-14 17:28:49.163: [INFO][Sync] ConfigurationDone, failed: , succeeded: , remaining count: 3
2024-12-14 17:28:49.163: [INFO][Sync] Prepare to configure types: Preferences, Passwords, Device Info, Send Tab To Self, Edge E Drop, Encryption Keys
2024-12-14 17:28:49.163: [INFO][SyncManagerImpl::ConfigureSyncer] Types to download: Preferences, Passwords, Device Info, Send Tab To Self, Edge E Drop, Encryption Keys with reason: 5
2024-12-14 17:28:49.163: [INFO][SyncSchedulerImpl::DoConfigurationSyncCycleJob] Blocked types:  and types to download: Preferences, Passwords, Device Info, Send Tab To Self, Edge E Drop, Encryption Keys
2024-12-14 17:28:51.236: [INFO][SyncEngineBackend::DoFinishConfigureDataTypes] Failed to download types:  and succeeded types: Preferences, Passwords, Device Info, Send Tab To Self, Edge E Drop, Encryption Keys
2024-12-14 17:28:51.248: [INFO][Sync] ConfigurationDone, failed: , succeeded: Preferences, Passwords, Device Info, Send Tab To Self, Edge E Drop, Encryption Keys, remaining count: 2
2024-12-14 17:28:51.248: [INFO][Sync] Prepare to configure types: Bookmarks, Encryption Keys
2024-12-14 17:28:51.248: [INFO][SyncManagerImpl::ConfigureSyncer] Types to download: Bookmarks, Encryption Keys with reason: 5
2024-12-14 17:28:51.248: [INFO][SyncSchedulerImpl::DoConfigurationSyncCycleJob] Blocked types:  and types to download: Bookmarks, Encryption Keys
2024-12-14 17:28:51.934: [INFO][SyncEngineBackend::DoFinishConfigureDataTypes] Failed to download types:  and succeeded types: Bookmarks, Encryption Keys
2024-12-14 17:28:51.942: [INFO][Sync] ConfigurationDone, failed: , succeeded: Bookmarks, Encryption Keys, remaining count: 1
2024-12-14 17:28:51.943: [INFO][Sync] Prepare to configure types: Autofill Profiles, Autofill, Typed URLs, Extensions, Sessions, Extension settings, History Delete Directives, Web Apps, Collection, Edge Hub App Usage, Edge Tab Group, Edge Wallet, Encryption Keys
2024-12-14 17:28:51.943: [INFO][SyncManagerImpl::ConfigureSyncer] Types to download: Autofill Profiles, Autofill, Typed URLs, Extensions, Sessions, Extension settings, History Delete Directives, Web Apps, Collection, Edge Hub App Usage, Edge Tab Group, Edge Wallet, Encryption Keys with reason: 5
2024-12-14 17:28:51.943: [INFO][SyncSchedulerImpl::DoConfigurationSyncCycleJob] Blocked types:  and types to download: Autofill Profiles, Autofill, Typed URLs, Extensions, Sessions, Extension settings, History Delete Directives, Web Apps, Collection, Edge Hub App Usage, Edge Tab Group, Edge Wallet, Encryption Keys
2024-12-14 17:29:04.180: [INFO][Sync] Reset engine, reason: 0
